info it worked if it ends with ok
verbose cli [ '/usr/bin/nodejs', '/usr/bin/npm', 'install', '-g', 'autosave' ]
info using npm@1.1.4
info using node@v0.6.19
verbose config file /var/aegir/.npmrc
verbose config file /usr/etc/npmrc
verbose config file /usr/share/npm/npmrc
silly exec /usr/bin/nodejs "/usr/share/npm/bin/npm-get-uid-gid.js" "nobody" 128
silly spawning [ '/usr/bin/nodejs',
silly spawning   [ '/usr/share/npm/bin/npm-get-uid-gid.js', 'nobody', 128 ],
silly spawning   null ]
silly output from getuid/gid {"uid":65534,"gid":128}
silly output from getuid/gid 
verbose cache add [ 'autosave', null ]
silly cache add: name, spec, args [ undefined, 'autosave', [ 'autosave', null ] ]
verbose parsed url { pathname: 'autosave', path: 'autosave', href: 'autosave' }
verbose addNamed [ 'autosave', '' ]
verbose addNamed [ null, '' ]
silly name, range, hasData [ 'autosave', '', false ]
verbose raw, before any munging autosave
verbose url resolving [ 'https://registry.npmjs.org/', './autosave' ]
verbose url resolved https://registry.npmjs.org/autosave
verbose etag "8P121P28NN1WPEM68ZUUXOCN6"
http GET https://registry.npmjs.org/autosave
http 304 https://registry.npmjs.org/autosave
silly get cb [ 304,
silly get cb   { server: 'CouchDB/1.2.0 (Erlang OTP/R15B)',
silly get cb     etag: '"8P121P28NN1WPEM68ZUUXOCN6"',
silly get cb     date: 'Sun, 09 Dec 2012 18:13:01 GMT',
silly get cb     'content-length': '0' } ]
verbose etag autosave from cache
silly name, range, hasData 2 [ 'autosave', '', true ]
silly versions [ 'autosave',
silly versions   [ '0.1.0',
silly versions     '0.2.0',
silly versions     '0.2.1',
silly versions     '0.2.2',
silly versions     '0.2.3',
silly versions     '0.3.0',
silly versions     '0.3.1',
silly versions     '0.3.2',
silly versions     '1.0.0',
silly versions     '1.0.1',
silly versions     '1.0.2',
silly versions     '1.0.3' ] ]
verbose bin dist [ '0.6-ares1.9.1-evundefined-openssl1.0.1c-v83.8.9.20-linux-x64-3.5.0-17-generic',
verbose bin dist   { shasum: '212bb1c41f5a9a427679610335e0a21858ab07d0',
verbose bin dist     tarball: 'http://registry.npmjs.org/autosave/-/autosave-1.0.3.tgz' } ]
verbose caching /var/aegir/.npm/autosave/1.0.3/package/package.json
verbose loadDefaults autosave@1.0.3
silly resolved [ { name: 'autosave',
silly resolved     version: '1.0.3',
silly resolved     description: 'A server for Chrome Devtools Autosave (https://github.com/NV/chrome-devtools-autosave)',
silly resolved     keywords: [ 'devtools' ],
silly resolved     bin: { autosave: './bin/autosave' },
silly resolved     scripts: 
silly resolved      { autostart: './scripts/autostart.sh',
silly resolved        install: 'node ./scripts/install.js' },
silly resolved     preferGlobal: true,
silly resolved     author: { name: 'Nikita Vasilyev', email: 'me@elv1s.ru' },
silly resolved     main: 'index',
silly resolved     engines: { node: '>= 0.4.x' },
silly resolved     repository: 
silly resolved      { type: 'git',
silly resolved        url: 'git://github.com/NV/chrome-devtools-autosave-server.git' },
silly resolved     bugs: { url: 'https://github.com/NV/chrome-devtools-autosave-server/issues' },
silly resolved     dependencies: { commander: '0.5.x' },
silly resolved     _id: 'autosave@1.0.3',
silly resolved     devDependencies: {},
silly resolved     optionalDependencies: {},
silly resolved     _engineSupported: true,
silly resolved     _npmVersion: '1.1.4',
silly resolved     _nodeVersion: 'v0.6.19',
silly resolved     _defaultsLoaded: true,
silly resolved     _from: 'autosave' } ]
info into /usr/local/lib autosave@1.0.3
info installOne autosave@1.0.3
verbose from cache /var/aegir/.npm/autosave/1.0.3/package/package.json
info unbuild /usr/local/lib/node_modules/autosave
verbose mkdir (expected) error ENOENT, stat '/usr/local/lib/node_modules'
verbose mkdir (expected) error ENOENT, stat '/usr/local/lib/node_modules/___autosave.npm'
verbose mkdir done: /usr/local/lib/node_modules/___autosave.npm 755
verbose unpack_ uid, gid [ 65534, 128 ]
verbose unpackTarget /usr/local/lib/node_modules/autosave
silly gunzTarPerm modes [ '755', '644' ]
silly afterUntar ok
silly asyncMap in gTP /usr/local/lib/node_modules/___autosave.npm/package
silly asyncMap in gTP /usr/local/lib/node_modules/___autosave.npm/package/diff_match_patch.js
silly asyncMap in gTP /usr/local/lib/node_modules/___autosave.npm/package/package.json
silly asyncMap in gTP /usr/local/lib/node_modules/___autosave.npm/package/README.mdown
silly asyncMap in gTP /usr/local/lib/node_modules/___autosave.npm/package/index.js
silly asyncMap in gTP /usr/local/lib/node_modules/___autosave.npm/package/bin
silly asyncMap in gTP /usr/local/lib/node_modules/___autosave.npm/package/bin/autosave
silly asyncMap in gTP /usr/local/lib/node_modules/___autosave.npm/package/scripts
silly asyncMap in gTP /usr/local/lib/node_modules/___autosave.npm/package/scripts/autostart.sh
silly asyncMap in gTP /usr/local/lib/node_modules/___autosave.npm/package/scripts/com.chrome.devtools.autosave.launchd.plist
silly asyncMap in gTP /usr/local/lib/node_modules/___autosave.npm/package/scripts/autosave.conf
silly asyncMap in gTP /usr/local/lib/node_modules/___autosave.npm/package/scripts/install.js
verbose gunzed /usr/local/lib/node_modules/___autosave.npm/package
verbose rm'ed /usr/local/lib/node_modules/autosave
verbose renamed [ '/usr/local/lib/node_modules/___autosave.npm/package',
verbose renamed   '/usr/local/lib/node_modules/autosave' ]
verbose caching /usr/local/lib/node_modules/autosave/package.json
verbose loadDefaults autosave@1.0.3
info preinstall autosave@1.0.3
verbose from cache /usr/local/lib/node_modules/autosave/package.json
verbose readDependencies: using package.json deps
verbose from cache /usr/local/lib/node_modules/autosave/package.json
verbose readDependencies: using package.json deps
verbose cache add [ 'commander@0.5.x', null ]
silly cache add: name, spec, args [ undefined, 'commander@0.5.x', [ 'commander@0.5.x', null ] ]
verbose parsed url { pathname: 'commander@0.5.x',
verbose parsed url   path: 'commander@0.5.x',
verbose parsed url   href: 'commander@0.5.x' }
silly cache add: name, spec, args [ 'commander', '0.5.x', [ 'commander', '0.5.x' ] ]
verbose parsed url { pathname: '0.5.x', path: '0.5.x', href: '0.5.x' }
verbose addNamed [ 'commander', '0.5.x' ]
verbose addNamed [ null, '>=0.5.0- <0.6.0-' ]
silly name, range, hasData [ 'commander', '>=0.5.0- <0.6.0-', false ]
verbose raw, before any munging commander
verbose url resolving [ 'https://registry.npmjs.org/', './commander' ]
verbose url resolved https://registry.npmjs.org/commander
http GET https://registry.npmjs.org/commander
http 200 https://registry.npmjs.org/commander
silly get cb [ 200,
silly get cb   { vary: 'Accept',
silly get cb     server: 'CouchDB/1.2.0 (Erlang OTP/R15B)',
silly get cb     etag: '"GTZB232PHS8O5H1JBATDET4Z"',
silly get cb     date: 'Sun, 09 Dec 2012 18:13:02 GMT',
silly get cb     'content-type': 'application/json',
silly get cb     'content-length': '102000' } ]
verbose mkdir (expected) error ENOENT, stat '/var/aegir/.npm/commander'
verbose mkdir done: /var/aegir/.npm/commander 755
silly name, range, hasData 2 [ 'commander', '>=0.5.0- <0.6.0-', true ]
silly versions [ 'commander',
silly versions   [ '0.2.1',
silly versions     '0.3.0',
silly versions     '0.3.1',
silly versions     '0.3.2',
silly versions     '0.3.3',
silly versions     '0.4.0',
silly versions     '0.4.1',
silly versions     '0.4.2',
silly versions     '0.4.3',
silly versions     '0.5.0',
silly versions     '0.5.1',
silly versions     '0.6.0',
silly versions     '0.6.1',
silly versions     '0.5.2',
silly versions     '1.0.0',
silly versions     '1.0.1',
silly versions     '1.0.2',
silly versions     '1.0.3',
silly versions     '1.0.4',
silly versions     '1.0.5',
silly versions     '1.1.0',
silly versions     '1.1.1' ] ]
verbose bin dist [ '0.6-ares1.9.1-evundefined-openssl1.0.1c-v83.8.9.20-linux-x64-3.5.0-17-generic',
verbose bin dist   { shasum: 'f270326709a115a126cfed5623852439b8e4a3b5',
verbose bin dist     tarball: 'http://registry.npmjs.org/commander/-/commander-0.5.2.tgz' } ]
verbose addRemoteTarball [ 'https://registry.npmjs.org/commander/-/commander-0.5.2.tgz',
verbose addRemoteTarball   'f270326709a115a126cfed5623852439b8e4a3b5' ]
verbose mkdir (expected) error ENOENT, stat '/tmp/npm-1355076831394'
verbose mkdir (expected) error ENOENT, stat '/tmp/npm-1355076831394/1355076831394-0.9366844070609659'
verbose mkdir done: /tmp/npm-1355076831394/1355076831394-0.9366844070609659 755
verbose fetch to /tmp/npm-1355076831394/1355076831394-0.9366844070609659/tmp.tgz
http GET https://registry.npmjs.org/commander/-/commander-0.5.2.tgz
http 200 https://registry.npmjs.org/commander/-/commander-0.5.2.tgz
silly updated sha bytes 9741
info shasum f270326709a115a126cfed5623852439b8e4a3b5
info shasum /tmp/npm-1355076831394/1355076831394-0.9366844070609659/tmp.tgz
verbose mkdir (expected) error ENOENT, stat '/tmp/npm-1355076831394/1355076831394-0.9366844070609659/___package.npm'
verbose mkdir done: /tmp/npm-1355076831394/1355076831394-0.9366844070609659/___package.npm 755
verbose unpack_ uid, gid [ 116, 128 ]
verbose unpackTarget /tmp/npm-1355076831394/1355076831394-0.9366844070609659/package
silly gunzTarPerm modes [ '755', '644' ]
silly afterUntar ok
silly asyncMap in gTP /tmp/npm-1355076831394/1355076831394-0.9366844070609659/___package.npm/package
silly asyncMap in gTP /tmp/npm-1355076831394/1355076831394-0.9366844070609659/___package.npm/package/package.json
silly asyncMap in gTP /tmp/npm-1355076831394/1355076831394-0.9366844070609659/___package.npm/package/Makefile
silly asyncMap in gTP /tmp/npm-1355076831394/1355076831394-0.9366844070609659/___package.npm/package/.npmignore
silly asyncMap in gTP /tmp/npm-1355076831394/1355076831394-0.9366844070609659/___package.npm/package/Readme.md
silly asyncMap in gTP /tmp/npm-1355076831394/1355076831394-0.9366844070609659/___package.npm/package/index.js
silly asyncMap in gTP /tmp/npm-1355076831394/1355076831394-0.9366844070609659/___package.npm/package/History.md
silly asyncMap in gTP /tmp/npm-1355076831394/1355076831394-0.9366844070609659/___package.npm/package/.travis.yml
silly asyncMap in gTP /tmp/npm-1355076831394/1355076831394-0.9366844070609659/___package.npm/package/lib
silly asyncMap in gTP /tmp/npm-1355076831394/1355076831394-0.9366844070609659/___package.npm/package/lib/commander.js
verbose gunzed /tmp/npm-1355076831394/1355076831394-0.9366844070609659/___package.npm/package
verbose rm'ed /tmp/npm-1355076831394/1355076831394-0.9366844070609659/package
verbose renamed [ '/tmp/npm-1355076831394/1355076831394-0.9366844070609659/___package.npm/package',
verbose renamed   '/tmp/npm-1355076831394/1355076831394-0.9366844070609659/package' ]
verbose caching /tmp/npm-1355076831394/1355076831394-0.9366844070609659/package/package.json
verbose loadDefaults commander@0.5.2
verbose tarball contents [ 'package', 'tmp.tgz' ]
verbose from cache /tmp/npm-1355076831394/1355076831394-0.9366844070609659/package/package.json
verbose pack /tmp/npm-1355076831394/1355076831394-0.9366844070609659/package
verbose pack /tmp/npm-1355076831394/1355076831394-0.9366844070609659/package /var/aegir/.npm/commander/0.5.2/package.tgz
silly makeList /tmp/npm-1355076831394/1355076831394-0.9366844070609659/package
silly dir, dirLen [ '/tmp/npm-1355076831394/1355076831394-0.9366844070609659/package',
silly dir, dirLen   64 ]
verbose tarball /var/aegir/.npm/commander/0.5.2/package.tgz
verbose parent /tmp/npm-1355076831394/1355076831394-0.9366844070609659/package
verbose mkdir (expected) error ENOENT, stat '/var/aegir/.npm/commander/0.5.2/___package.npm'
verbose mkdir done: /var/aegir/.npm/commander/0.5.2/___package.npm 755
verbose unpack_ uid, gid [ 116, 128 ]
verbose unpackTarget /var/aegir/.npm/commander/0.5.2/package
silly gunzTarPerm modes [ '755', '644' ]
silly afterUntar ok
silly asyncMap in gTP /var/aegir/.npm/commander/0.5.2/___package.npm/package
silly asyncMap in gTP /var/aegir/.npm/commander/0.5.2/___package.npm/package/package.json
silly asyncMap in gTP /var/aegir/.npm/commander/0.5.2/___package.npm/package/Makefile
silly asyncMap in gTP /var/aegir/.npm/commander/0.5.2/___package.npm/package/.npmignore
silly asyncMap in gTP /var/aegir/.npm/commander/0.5.2/___package.npm/package/Readme.md
silly asyncMap in gTP /var/aegir/.npm/commander/0.5.2/___package.npm/package/index.js
silly asyncMap in gTP /var/aegir/.npm/commander/0.5.2/___package.npm/package/History.md
silly asyncMap in gTP /var/aegir/.npm/commander/0.5.2/___package.npm/package/.travis.yml
silly asyncMap in gTP /var/aegir/.npm/commander/0.5.2/___package.npm/package/lib
silly asyncMap in gTP /var/aegir/.npm/commander/0.5.2/___package.npm/package/lib/commander.js
verbose gunzed /var/aegir/.npm/commander/0.5.2/___package.npm/package
verbose rm'ed /var/aegir/.npm/commander/0.5.2/package
verbose renamed [ '/var/aegir/.npm/commander/0.5.2/___package.npm/package',
verbose renamed   '/var/aegir/.npm/commander/0.5.2/package' ]
verbose caching /var/aegir/.npm/commander/0.5.2/package/package.json
verbose loadDefaults commander@0.5.2
silly updated sha bytes 9785
info shasum cba5a67bdcc470128338ab76b37a0c784aa82440
info shasum /var/aegir/.npm/commander/0.5.2/package.tgz
verbose from cache /var/aegir/.npm/commander/0.5.2/package/package.json
verbose chmod /var/aegir/.npm/commander/0.5.2/package.tgz 644
verbose chown [ '/var/aegir/.npm/commander/0.5.2/package.tgz', 116, 128 ]
silly resolved [ { name: 'commander',
silly resolved     version: '0.5.2',
silly resolved     description: 'the complete solution for node.js command-line programs',
silly resolved     keywords: [ 'command', 'option', 'parser', 'prompt', 'stdin' ],
silly resolved     author: { name: 'TJ Holowaychuk', email: 'tj@vision-media.ca' },
silly resolved     repository: 
silly resolved      { type: 'git',
silly resolved        url: 'git://github.com/visionmedia/commander.js.git' },
silly resolved     dependencies: {},
silly resolved     devDependencies: { should: '>= 0.0.1' },
silly resolved     scripts: { test: 'make test' },
silly resolved     main: 'index',
silly resolved     engines: { node: '>= 0.4.x' },
silly resolved     _id: 'commander@0.5.2',
silly resolved     optionalDependencies: {},
silly resolved     _engineSupported: true,
silly resolved     _npmVersion: '1.1.4',
silly resolved     _nodeVersion: 'v0.6.19',
silly resolved     _defaultsLoaded: true,
silly resolved     dist: { shasum: 'cba5a67bdcc470128338ab76b37a0c784aa82440' },
silly resolved     _from: 'commander@0.5.x' } ]
info into /usr/local/lib/node_modules/autosave commander@0.5.2
info installOne commander@0.5.2
verbose from cache /var/aegir/.npm/commander/0.5.2/package/package.json
info unbuild /usr/local/lib/node_modules/autosave/node_modules/commander
verbose mkdir (expected) error ENOENT, stat '/usr/local/lib/node_modules/autosave/node_modules'
verbose mkdir (expected) error ENOENT, stat '/usr/local/lib/node_modules/autosave/node_modules/___commander.npm'
verbose mkdir done: /usr/local/lib/node_modules/autosave/node_modules/___commander.npm 755
verbose unpack_ uid, gid [ 65534, 128 ]
verbose unpackTarget /usr/local/lib/node_modules/autosave/node_modules/commander
silly gunzTarPerm modes [ '755', '644' ]
silly afterUntar ok
silly asyncMap in gTP /usr/local/lib/node_modules/autosave/node_modules/___commander.npm/package
silly asyncMap in gTP /usr/local/lib/node_modules/autosave/node_modules/___commander.npm/package/package.json
silly asyncMap in gTP /usr/local/lib/node_modules/autosave/node_modules/___commander.npm/package/Makefile
silly asyncMap in gTP /usr/local/lib/node_modules/autosave/node_modules/___commander.npm/package/.npmignore
silly asyncMap in gTP /usr/local/lib/node_modules/autosave/node_modules/___commander.npm/package/Readme.md
silly asyncMap in gTP /usr/local/lib/node_modules/autosave/node_modules/___commander.npm/package/index.js
silly asyncMap in gTP /usr/local/lib/node_modules/autosave/node_modules/___commander.npm/package/History.md
silly asyncMap in gTP /usr/local/lib/node_modules/autosave/node_modules/___commander.npm/package/.travis.yml
silly asyncMap in gTP /usr/local/lib/node_modules/autosave/node_modules/___commander.npm/package/lib
silly asyncMap in gTP /usr/local/lib/node_modules/autosave/node_modules/___commander.npm/package/lib/commander.js
verbose gunzed /usr/local/lib/node_modules/autosave/node_modules/___commander.npm/package
verbose rm'ed /usr/local/lib/node_modules/autosave/node_modules/commander
verbose renamed [ '/usr/local/lib/node_modules/autosave/node_modules/___commander.npm/package',
verbose renamed   '/usr/local/lib/node_modules/autosave/node_modules/commander' ]
verbose caching /usr/local/lib/node_modules/autosave/node_modules/commander/package.json
verbose loadDefaults commander@0.5.2
info preinstall commander@0.5.2
verbose from cache /usr/local/lib/node_modules/autosave/node_modules/commander/package.json
verbose readDependencies: using package.json deps
verbose from cache /usr/local/lib/node_modules/autosave/node_modules/commander/package.json
verbose readDependencies: using package.json deps
silly resolved []
verbose about to build /usr/local/lib/node_modules/autosave/node_modules/commander
info build /usr/local/lib/node_modules/autosave/node_modules/commander
verbose from cache /usr/local/lib/node_modules/autosave/node_modules/commander/package.json
verbose linkStuff [ true,
verbose linkStuff   '/usr/local/lib/node_modules',
verbose linkStuff   false,
verbose linkStuff   '/usr/local/lib/node_modules/autosave/node_modules' ]
info linkStuff commander@0.5.2
verbose linkBins commander@0.5.2
verbose linkMans commander@0.5.2
verbose rebuildBundles commander@0.5.2
info install commander@0.5.2
info postinstall commander@0.5.2
verbose installOne cb commander@0.5.2
verbose about to build /usr/local/lib/node_modules/autosave
info build /usr/local/lib/node_modules/autosave
verbose from cache /usr/local/lib/node_modules/autosave/package.json
verbose linkStuff [ true,
verbose linkStuff   '/usr/local/lib/node_modules',
verbose linkStuff   true,
verbose linkStuff   '/usr/local/lib/node_modules' ]
info linkStuff autosave@1.0.3
verbose linkBins autosave@1.0.3
verbose bins linking [ { autosave: './bin/autosave' }, '/usr/local/bin', true ]
verbose linkMans autosave@1.0.3
verbose rebuildBundles autosave@1.0.3
verbose rebuildBundles [ 'commander' ]
info install autosave@1.0.3
verbose unsafe-perm in lifecycle false
verbose Setting uid from 0 nobody
verbose stack at uid setting Error
verbose stack at uid setting     at exec (/usr/share/npm/lib/utils/exec.js:36:17)
verbose stack at uid setting     at Array.0 (/usr/share/npm/lib/utils/lifecycle.js:141:5)
verbose stack at uid setting     at EventEmitter._tickCallback (node.js:190:39)
verbose Setting uid from 0 65534
verbose stack at uid setting Error
verbose stack at uid setting     at exec (/usr/share/npm/lib/utils/exec.js:36:17)
verbose stack at uid setting     at /usr/share/npm/lib/utils/exec.js:43:7
verbose stack at uid setting     at uidNumber (/usr/share/npm/lib/utils/uid-number.js:30:12)
verbose stack at uid setting     at exec (/usr/share/npm/lib/utils/exec.js:41:12)
verbose stack at uid setting     at Array.0 (/usr/share/npm/lib/utils/lifecycle.js:141:5)
verbose stack at uid setting     at EventEmitter._tickCallback (node.js:190:39)
silly exec sh "-c" "node ./scripts/install.js"
silly spawning [ 'sh',
silly spawning   [ '-c', 'node ./scripts/install.js' ],
silly spawning   '/usr/local/lib/node_modules/autosave' ]
info autosave@1.0.3 Failed to exec install script
ERR! error installing autosave@1.0.3
info unbuild /usr/local/lib/node_modules/autosave
verbose from cache /usr/local/lib/node_modules/autosave/package.json
info preuninstall autosave@1.0.3
WARN This failure might be due to the use of legacy binary "node" 
WARN For further explanations, please read
WARN /usr/share/doc/nodejs/README.Debian
WARN 
info uninstall autosave@1.0.3
verbose unbuild autosave@1.0.3 [ true,
verbose unbuild autosave@1.0.3   '/usr/local/lib/node_modules',
verbose unbuild autosave@1.0.3   '/usr/local/lib/node_modules' ]
verbose binRoot [ '/usr/local/bin', { autosave: './bin/autosave' } ]
info postuninstall autosave@1.0.3
verbose installOne cb autosave@1.0.3
ERR! autosave@1.0.3 install: `node ./scripts/install.js`
ERR! `sh "-c" "node ./scripts/install.js"` failed with 127
ERR! 
ERR! Failed at the autosave@1.0.3 install script.
ERR! This is most likely a problem with the autosave package,
ERR! not with npm itself.
ERR! Tell the author that this fails on your system:
ERR!     node ./scripts/install.js
ERR! You can get their info via:
ERR!     npm owner ls autosave
ERR! There is likely additional logging output above.
ERR! 
ERR! System Linux 3.5.0-17-generic
ERR! command "/usr/bin/nodejs" "/usr/bin/npm" "install" "-g" "autosave"
ERR! cwd /var/aegir/src/devudo.com/proto
ERR! node -v v0.6.19
ERR! npm -v 1.1.4
ERR! code ELIFECYCLE
ERR! message autosave@1.0.3 install: `node ./scripts/install.js`
ERR! message `sh "-c" "node ./scripts/install.js"` failed with 127
ERR! errno {}
verbose exit [ 1, true ]
